This is pdfTeX, Version 3.14159265-2.6-1.40.20 (TeX Live 2019/Arch Linux) (preloaded format=pdflatex 2020.5.20)  12 JUN 2020 16:01
entering extended mode
 restricted \write18 enabled.
 %&-line parsing enabled.
**report.tex
(./report.tex
LaTeX2e <2019-10-01> patch level 1
(/usr/share/texmf-dist/tex/latex/revtex/revtex4-2.cls
Document Class: revtex4-2 2019/01/18/14:29:48 4.2c (https://journals.aps.org/re
vtex/ for documentation)
 Copyright (c) 2019 American Physical Society.
 mailto:revtex@aps.org
 Licensed under the LPPL:
http://www.ctan.org/tex-archive/macros/latex/base/lppl.txt
 Arthur Ogawa <arthur_ogawa at sbcglobal dot net>
 Based on work by David Carlisle <david at dcarlisle.demon.co.uk>Version (4.2c)
: Modified by Mark Doyle
 .
ltxutil[2019/01/18/14:29:48 4.2c utilities package (portions licensed from W. E
. Baxter web at superscript.com)]
LaTeX Info: Redefining \@centercr on input line 315.
Class revtex4-2 Info: Repairing broken LaTeX eqnarray on input line 365.
\eqncolsep=\skip41
Class revtex4-2 Info: Repairing hyperref-unfriendly LaTeX definition of \mpfoot
note on input line 440.
Class revtex4-2 Info: Repairing broken LateX \@sect on input line 762.
\intertabularlinepenalty=\count80
\@tbpen=\count81
\@arstrutbox@hline=\box27
Class revtex4-2 Info: Repairing broken LaTeX \@xbitor on input line 1793.
Class revtex4-2 Info: Making \typeout \long on input line 2053.
ltxfront[2019/01/18/14:29:48 4.2c frontmatter package (AO,DPC,MD)]
\c@affil=\count82
\c@collab=\count83
\absbox=\box28
ltxgrid[2019/01/18/14:29:48 4.2c page grid package (portions licensed from W. E
. Baxter web at superscript.com)]
\c@linecount=\count84
\output@latex=\toks14
\box@size@1=\box29
\box@size@2=\box30
\@protection@box=\box31
\@topmark@saved=\toks15
\footins@saved=\box32
\footins@recovered=\box33
\column@recovered=\box34
\pagesofar=\box35
\footsofar=\box36
\pagegrid@col=\count85
Class revtex4-2 Info: Overriding \@vspace, \@vspacer, \@no@pgbk, \@newline, and
 \\  on input line 5585.
\c@part=\count86
\c@section=\count87
\c@subsection=\count88
\c@subsubsection=\count89
\c@paragraph=\count90
\c@subparagraph=\count91
\abovecaptionskip=\skip42
\belowcaptionskip=\skip43
\c@figure=\count92
\fbox@1=\box37
\c@table=\count93
\fbox@2=\box38
\c@video=\count94
\fbox@4=\box39
\@bibdataout=\write3
\widetext@top=\box40
\widetext@bot=\box41
Class revtex4-2 Info: Selecting society aps on input line 7581.
(/usr/share/texmf-dist/tex/latex/revtex/aps4-2.rtx
File: aps4-2 2019/01/18/14:29:48 4.2c (https://journals.aps.org/revtex/ for doc
umentation)
Class revtex4-2 Info: RevTeX society APS selected on input line 37.
)

Class revtex4-2 Warning: No journal specified, using default pra.

Class revtex4-2 Info: APS journal PRA selected on input line 7584.
(/usr/share/texmf-dist/tex/latex/revtex/aps10pt4-2.rtx
File: aps10pt4-2 2019/01/18/14:29:48 4.2c (https://journals.aps.org/revtex/ for
 documentation)
Class revtex4-2 Info: RevTeX pointsize 10pt selected on input line 36.
)
(/usr/share/texmf-dist/tex/latex/textcase/textcase.sty
Package: textcase 2019/09/14 v1.00 Text only upper/lower case changing (DPC)
)
(/usr/share/texmf-dist/tex/latex/amsmath/amsmath.sty
Package: amsmath 2019/04/01 v2.17c AMS math features
\@mathmargin=\skip44

For additional information on amsmath, use the `?' option.
(/usr/share/texmf-dist/tex/latex/amsmath/amstext.sty
Package: amstext 2000/06/29 v2.01 AMS text

(/usr/share/texmf-dist/tex/latex/amsmath/amsgen.sty
File: amsgen.sty 1999/11/30 v2.0 generic functions
\@emptytoks=\toks16
\ex@=\dimen102
)
LaTeX Info: Redefining \text on input line 28.
)
(/usr/share/texmf-dist/tex/latex/amsmath/amsbsy.sty
Package: amsbsy 1999/11/29 v1.2d Bold Symbols
\pmbraise@=\dimen103
)
(/usr/share/texmf-dist/tex/latex/amsmath/amsopn.sty
Package: amsopn 2016/03/08 v2.02 operator names
)
\inf@bad=\count95
LaTeX Info: Redefining \frac on input line 227.
\uproot@=\count96
\leftroot@=\count97
LaTeX Info: Redefining \overline on input line 389.
\classnum@=\count98
\DOTSCASE@=\count99
LaTeX Info: Redefining \ldots on input line 486.
LaTeX Info: Redefining \dots on input line 489.
LaTeX Info: Redefining \cdots on input line 610.
\Mathstrutbox@=\box42
\strutbox@=\box43
\big@size=\dimen104
LaTeX Font Info:    Redeclaring font encoding OML on input line 733.
LaTeX Font Info:    Redeclaring font encoding OMS on input line 734.
\macc@depth=\count100
\c@MaxMatrixCols=\count101
\dotsspace@=\muskip10
\c@parentequation=\count102
\dspbrk@lvl=\count103
\tag@help=\toks17
\row@=\count104
\column@=\count105
\maxfields@=\count106
\andhelp@=\toks18
\eqnshift@=\dimen105
\alignsep@=\dimen106
\tagshift@=\dimen107
\tagwidth@=\dimen108
\totwidth@=\dimen109
\lineht@=\dimen110
\@envbody=\toks19
\multlinegap=\skip45
\multlinetaggap=\skip46
\mathdisplay@stack=\toks20
LaTeX Info: Redefining \[ on input line 2855.
LaTeX Info: Redefining \] on input line 2856.
)
(/usr/share/texmf-dist/tex/latex/url/url.sty
\Urlmuskip=\muskip11
Package: url 2013/09/16  ver 3.4  Verb mode for urls, etc.
)
(/usr/share/texmf-dist/tex/latex/natbib/natbib.sty
Package: natbib 2010/09/13 8.31b (PWD, AO)
\bibhang=\skip47
\bibsep=\skip48
LaTeX Info: Redefining \cite on input line 694.
\c@NAT@ctr=\count107
)
Class revtex4-2 Info: Repairing natbib's \BibitemShut on input line 7588.

(/usr/share/texmf-dist/tex/latex/revtex/revsymb4-2.sty
Package: revsymb4-2 2019/01/18/14:29:48 4.2c (https://journals.aps.org/revtex/ 
for documentation)
LaTeX Info: Redefining \REV@mathfrak on input line 125.
))
(/usr/share/texmf-dist/tex/latex/graphics/graphicx.sty
Package: graphicx 2017/06/01 v1.1a Enhanced LaTeX Graphics (DPC,SPQR)

(/usr/share/texmf-dist/tex/latex/graphics/keyval.sty
Package: keyval 2014/10/28 v1.15 key=value parser (DPC)
\KV@toks@=\toks21
)
(/usr/share/texmf-dist/tex/latex/graphics/graphics.sty
Package: graphics 2019/10/08 v1.3c Standard LaTeX Graphics (DPC,SPQR)

(/usr/share/texmf-dist/tex/latex/graphics/trig.sty
Package: trig 2016/01/03 v1.10 sin cos tan (DPC)
)
(/usr/share/texmf-dist/tex/latex/graphics-cfg/graphics.cfg
File: graphics.cfg 2016/06/04 v1.11 sample graphics configuration
)
Package graphics Info: Driver file: pdftex.def on input line 105.

(/usr/share/texmf-dist/tex/latex/graphics-def/pdftex.def
File: pdftex.def 2018/01/08 v1.0l Graphics/color driver for pdftex
))
\Gin@req@height=\dimen111
\Gin@req@width=\dimen112
)
(/usr/share/texmf-dist/tex/latex/tools/dcolumn.sty
Package: dcolumn 2014/10/28 v1.06 decimal alignment package (DPC)

(/usr/share/texmf-dist/tex/latex/tools/array.sty
Package: array 2019/08/31 v2.4l Tabular extension package (FMi)
\col@sep=\dimen113
\ar@mcellbox=\box44
\extrarowheight=\dimen114
\NC@list=\toks22
\extratabsurround=\skip49
\backup@length=\skip50
\ar@cellbox=\box45
))
(/usr/share/texmf-dist/tex/latex/siunitx/siunitx.sty
(/usr/share/texmf-dist/tex/latex/l3kernel/expl3.sty
Package: expl3 2019-10-28 L3 programming layer (loader) 

(/usr/share/texmf-dist/tex/latex/l3kernel/expl3-code.tex
Package: expl3 2019-10-28 L3 programming layer (code)
\c_max_int=\count108
\l_tmpa_int=\count109
\l_tmpb_int=\count110
\g_tmpa_int=\count111
\g_tmpb_int=\count112
\l__seq_internal_a_int=\count113
\l__seq_internal_b_int=\count114
\g__kernel_prg_map_int=\count115
\c__ior_term_noprompt_ior=\count116
\c_log_iow=\count117
\l_iow_line_count_int=\count118
\l__iow_line_target_int=\count119
\l__iow_one_indent_int=\count120
\l__iow_indent_int=\count121
\c_zero_dim=\dimen115
\c_max_dim=\dimen116
\l_tmpa_dim=\dimen117
\l_tmpb_dim=\dimen118
\g_tmpa_dim=\dimen119
\g_tmpb_dim=\dimen120
\c_zero_skip=\skip51
\c_max_skip=\skip52
\l_tmpa_skip=\skip53
\l_tmpb_skip=\skip54
\g_tmpa_skip=\skip55
\g_tmpb_skip=\skip56
\c_zero_muskip=\muskip12
\c_max_muskip=\muskip13
\l_tmpa_muskip=\muskip14
\l_tmpb_muskip=\muskip15
\g_tmpa_muskip=\muskip16
\g_tmpb_muskip=\muskip17
\l_keys_choice_int=\count122
\l__intarray_loop_int=\count123
\c__intarray_sp_dim=\dimen121
\g__intarray_font_int=\count124
\c__fp_leading_shift_int=\count125
\c__fp_middle_shift_int=\count126
\c__fp_trailing_shift_int=\count127
\c__fp_big_leading_shift_int=\count128
\c__fp_big_middle_shift_int=\count129
\c__fp_big_trailing_shift_int=\count130
\c__fp_Bigg_leading_shift_int=\count131
\c__fp_Bigg_middle_shift_int=\count132
\c__fp_Bigg_trailing_shift_int=\count133
\c__kernel_randint_max_int=\count134
\g__fp_array_int=\count135
\l__fp_array_loop_int=\count136
\l__sort_length_int=\count137
\l__sort_min_int=\count138
\l__sort_top_int=\count139
\l__sort_max_int=\count140
\l__sort_true_max_int=\count141
\l__sort_block_int=\count142
\l__sort_begin_int=\count143
\l__sort_end_int=\count144
\l__sort_A_int=\count145
\l__sort_B_int=\count146
\l__sort_C_int=\count147
\l__str_internal_int=\count148
\c__str_replacement_char_int=\count149
\l__tl_analysis_normal_int=\count150
\l__tl_analysis_index_int=\count151
\l__tl_analysis_nesting_int=\count152
\l__tl_analysis_type_int=\count153
\l__regex_internal_a_int=\count154
\l__regex_internal_b_int=\count155
\l__regex_internal_c_int=\count156
\l__regex_balance_int=\count157
\l__regex_group_level_int=\count158
\l__regex_mode_int=\count159
\c__regex_cs_in_class_mode_int=\count160
\c__regex_cs_mode_int=\count161
\l__regex_catcodes_int=\count162
\l__regex_default_catcodes_int=\count163
\c__regex_catcode_D_int=\count164
\c__regex_catcode_S_int=\count165
\c__regex_catcode_L_int=\count166
\c__regex_catcode_O_int=\count167
\c__regex_catcode_A_int=\count168
\c__regex_all_catcodes_int=\count169
\l__regex_show_lines_int=\count170
\l__regex_min_state_int=\count171
\l__regex_max_state_int=\count172
\l__regex_left_state_int=\count173
\l__regex_right_state_int=\count174
\l__regex_capturing_group_int=\count175
\l__regex_min_pos_int=\count176
\l__regex_max_pos_int=\count177
\l__regex_curr_pos_int=\count178
\l__regex_start_pos_int=\count179
\l__regex_success_pos_int=\count180
\l__regex_curr_char_int=\count181
\l__regex_curr_catcode_int=\count182
\l__regex_last_char_int=\count183
\l__regex_case_changed_char_int=\count184
\l__regex_curr_state_int=\count185
\l__regex_step_int=\count186
\l__regex_min_active_int=\count187
\l__regex_max_active_int=\count188
\l__regex_replacement_csnames_int=\count189
\l__regex_match_count_int=\count190
\l__regex_min_submatch_int=\count191
\l__regex_submatch_int=\count192
\l__regex_zeroth_submatch_int=\count193
\g__regex_trace_regex_int=\count194
\c_empty_box=\box46
\l_tmpa_box=\box47
\l_tmpb_box=\box48
\g_tmpa_box=\box49
\g_tmpb_box=\box50
\l__box_top_dim=\dimen122
\l__box_bottom_dim=\dimen123
\l__box_left_dim=\dimen124
\l__box_right_dim=\dimen125
\l__box_top_new_dim=\dimen126
\l__box_bottom_new_dim=\dimen127
\l__box_left_new_dim=\dimen128
\l__box_right_new_dim=\dimen129
\l__box_internal_box=\box51
\l__coffin_internal_box=\box52
\l__coffin_internal_dim=\dimen130
\l__coffin_offset_x_dim=\dimen131
\l__coffin_offset_y_dim=\dimen132
\l__coffin_x_dim=\dimen133
\l__coffin_y_dim=\dimen134
\l__coffin_x_prime_dim=\dimen135
\l__coffin_y_prime_dim=\dimen136
\c_empty_coffin=\box53
\l__coffin_aligned_coffin=\box54
\l__coffin_aligned_internal_coffin=\box55
\l_tmpa_coffin=\box56
\l_tmpb_coffin=\box57
\g_tmpa_coffin=\box58
\g_tmpb_coffin=\box59
\l__coffin_bounding_shift_dim=\dimen137
\l__coffin_left_corner_dim=\dimen138
\l__coffin_right_corner_dim=\dimen139
\l__coffin_bottom_corner_dim=\dimen140
\l__coffin_top_corner_dim=\dimen141
\l__coffin_scaled_total_height_dim=\dimen142
\l__coffin_scaled_width_dim=\dimen143
\c__coffin_empty_coffin=\box60
\l__coffin_display_coffin=\box61
\l__coffin_display_coord_coffin=\box62
\l__coffin_display_pole_coffin=\box63
\l__coffin_display_offset_dim=\dimen144
\l__coffin_display_x_dim=\dimen145
\l__coffin_display_y_dim=\dimen146
\g__char_data_ior=\read1

(/usr/share/texmf-dist/tex/latex/l3kernel/l3deprecation.def
File: l3deprecation.def 2019-04-06 v L3 Deprecated functions
))
(/usr/share/texmf-dist/tex/latex/l3backend/l3backend-pdfmode.def
File: l3backend-pdfmode.def 2019-04-06 L3 backend support: PDF mode
\l__kernel_color_stack_int=\count195
\l__pdf_internal_box=\box64
))
(/usr/share/texmf-dist/tex/latex/l3packages/xparse/xparse.sty
Package: xparse 2019-10-11 L3 Experimental document command parser
\l__xparse_current_arg_int=\count196
\g__xparse_grabber_int=\count197
\l__xparse_m_args_int=\count198
\l__xparse_v_nesting_int=\count199
)
Package: siunitx 2019/10/10 v2.7t A comprehensive (SI) units package

(/usr/share/texmf-dist/tex/latex/l3packages/l3keys2e/l3keys2e.sty
Package: l3keys2e 2019-10-11 LaTeX2e option processing using LaTeX3 keys
)
\l__siunitx_tmp_box=\box65
\l__siunitx_tmp_dim=\dimen147
\l__siunitx_tmp_int=\count266
\l__siunitx_number_mantissa_length_int=\count267
\l__siunitx_number_uncert_length_int=\count268
\l__siunitx_round_int=\count269
\l__siunitx_process_decimal_int=\count270
\l__siunitx_process_uncertainty_int=\count271
\l__siunitx_process_fixed_int=\count272
\l__siunitx_process_integer_min_int=\count273
\l__siunitx_process_precision_int=\count274
\l__siunitx_group_min_int=\count275
\l__siunitx_angle_marker_box=\box66
\l__siunitx_angle_unit_box=\box67
\l__siunitx_angle_marker_dim=\dimen148
\l__siunitx_angle_unit_dim=\dimen149
\l__siunitx_unit_int=\count276
\l__siunitx_unit_denominator_int=\count277
\l__siunitx_unit_numerator_int=\count278
\l__siunitx_unit_prefix_int=\count279
\l__siunitx_unit_prefix_base_int=\count280
\l__siunitx_unit_prefix_gram_int=\count281
\l__siunitx_number_product_int=\count282
\c__siunitx_one_fill_skip=\skip57
\l__siunitx_table_unit_align_skip=\skip58
\l__siunitx_table_exponent_dim=\dimen150
\l__siunitx_table_integer_dim=\dimen151
\l__siunitx_table_mantissa_dim=\dimen152
\l__siunitx_table_marker_dim=\dimen153
\l__siunitx_table_result_dim=\dimen154
\l__siunitx_table_uncert_dim=\dimen155
\l__siunitx_table_fill_pre_dim=\dimen156
\l__siunitx_table_fill_post_dim=\dimen157
\l__siunitx_table_fill_mid_dim=\dimen158
\l__siunitx_table_pre_box=\box68
\l__siunitx_table_post_box=\box69
\l__siunitx_table_mantissa_box=\box70
\l__siunitx_table_result_box=\box71
\l__siunitx_table_number_align_skip=\skip59
\l__siunitx_table_text_align_skip=\skip60

(/usr/share/texmf-dist/tex/latex/translator/translator.sty
Package: translator 2019-05-31 v1.12a Easy translation of strings in LaTeX
))
(/usr/share/texmf-dist/tex/latex/float/float.sty
Package: float 2001/11/08 v1.3d Float enhancements (AL)
\c@float@type=\count283
\float@exts=\toks23
\float@box=\box72
\@float@everytoks=\toks24
\@floatcapt=\box73
)
Class revtex4-2 Info: Unrecognized array package. Please update this document c
lass! (Proceeding with fingers crossed.) on input line 11.


Class revtex4-2 Warning: Repair the float package.

Class revtex4-2 Info: cite was not loaded (OK!) on input line 11.
Class revtex4-2 Info: mcite was not loaded (OK!) on input line 11.
Class revtex4-2 Info: multicol was not loaded (OK!) on input line 11.
(./report.aux

LaTeX Warning: Label `tab:k' multiply defined.


LaTeX Warning: Label `tab:k' multiply defined.


LaTeX Warning: Label `tab:k' multiply defined.


LaTeX Warning: Label `tab:k' multiply defined.


LaTeX Warning: Label `tab:k' multiply defined.


LaTeX Warning: Label `tab:k' multiply defined.


LaTeX Warning: Label `tab:k' multiply defined.


LaTeX Warning: Label `tab:k' multiply defined.


LaTeX Warning: Label `tab:k' multiply defined.


LaTeX Warning: Label `tab:k' multiply defined.


LaTeX Warning: Label `tab:k' multiply defined.

)
\openout1 = `report.aux'.

LaTeX Font Info:    Checking defaults for OML/cmm/m/it on input line 11.
LaTeX Font Info:    ... okay on input line 11.
LaTeX Font Info:    Checking defaults for T1/cmr/m/n on input line 11.
LaTeX Font Info:    ... okay on input line 11.
LaTeX Font Info:    Checking defaults for OT1/cmr/m/n on input line 11.
LaTeX Font Info:    ... okay on input line 11.
LaTeX Font Info:    Checking defaults for OMS/cmsy/m/n on input line 11.
LaTeX Font Info:    ... okay on input line 11.
LaTeX Font Info:    Checking defaults for OMX/cmex/m/n on input line 11.
LaTeX Font Info:    ... okay on input line 11.
LaTeX Font Info:    Checking defaults for U/cmr/m/n on input line 11.
LaTeX Font Info:    ... okay on input line 11.
 (/usr/share/texmf-dist/tex/context/base/mkii/supp-pdf.mkii
[Loading MPS to PDF converter (version 2006.09.02).]
\scratchcounter=\count284
\scratchdimen=\dimen159
\scratchbox=\box74
\nofMPsegments=\count285
\nofMParguments=\count286
\everyMPshowfont=\toks25
\MPscratchCnt=\count287
\MPscratchDim=\dimen160
\MPnumerator=\count288
\makeMPintoPDFobject=\count289
\everyMPtoPDFconversion=\toks26
) (/usr/share/texmf-dist/tex/latex/oberdiek/epstopdf-base.sty
Package: epstopdf-base 2016/05/15 v2.6 Base part for package epstopdf

(/usr/share/texmf-dist/tex/generic/oberdiek/infwarerr.sty
Package: infwarerr 2016/05/16 v1.4 Providing info/warning/error messages (HO)
)
(/usr/share/texmf-dist/tex/latex/oberdiek/grfext.sty
Package: grfext 2016/05/16 v1.2 Manage graphics extensions (HO)

(/usr/share/texmf-dist/tex/generic/oberdiek/kvdefinekeys.sty
Package: kvdefinekeys 2016/05/16 v1.4 Define keys (HO)

(/usr/share/texmf-dist/tex/generic/oberdiek/ltxcmds.sty
Package: ltxcmds 2016/05/16 v1.23 LaTeX kernel commands for general use (HO)
)))
(/usr/share/texmf-dist/tex/latex/oberdiek/kvoptions.sty
Package: kvoptions 2016/05/16 v3.12 Key value format for package options (HO)

(/usr/share/texmf-dist/tex/generic/oberdiek/kvsetkeys.sty
Package: kvsetkeys 2016/05/16 v1.17 Key value parser (HO)

(/usr/share/texmf-dist/tex/generic/oberdiek/etexcmds.sty
Package: etexcmds 2016/05/16 v1.6 Avoid name clashes with e-TeX commands (HO)

(/usr/share/texmf-dist/tex/generic/oberdiek/ifluatex.sty
Package: ifluatex 2016/05/16 v1.4 Provides the ifluatex switch (HO)
Package ifluatex Info: LuaTeX not detected.
))))
(/usr/share/texmf-dist/tex/generic/oberdiek/pdftexcmds.sty
Package: pdftexcmds 2019/07/25 v0.30 Utility functions of pdfTeX for LuaTeX (HO
)

(/usr/share/texmf-dist/tex/generic/oberdiek/ifpdf.sty
Package: ifpdf 2018/09/07 v3.3 Provides the ifpdf switch
)
Package pdftexcmds Info: LuaTeX not detected.
Package pdftexcmds Info: \pdf@primitive is available.
Package pdftexcmds Info: \pdf@ifprimitive is available.
Package pdftexcmds Info: \pdfdraftmode found.
)
Package epstopdf-base Info: Redefining graphics rule for `.eps' on input line 4
38.
Package grfext Info: Graphics extension search list:
(grfext)             [.pdf,.png,.jpg,.mps,.jpeg,.jbig2,.jb2,.PDF,.PNG,.JPG,.JPE
G,.JBIG2,.JB2,.eps]
(grfext)             \AppendGraphicsExtensions on input line 456.

(/usr/share/texmf-dist/tex/latex/latexconfig/epstopdf-sys.cfg
File: epstopdf-sys.cfg 2010/07/13 v1.3 Configuration of (r)epstopdf for TeX Liv
e
))
Now handling font encoding TS1 ...
... processing UTF-8 mapping file for font encoding TS1

(/usr/share/texmf-dist/tex/latex/base/ts1enc.dfu
File: ts1enc.dfu 2019/07/11 v1.2j UTF-8 support for inputenc
   defining Unicode char U+00A2 (decimal 162)
   defining Unicode char U+00A3 (decimal 163)
   defining Unicode char U+00A4 (decimal 164)
   defining Unicode char U+00A5 (decimal 165)
   defining Unicode char U+00A6 (decimal 166)
   defining Unicode char U+00A7 (decimal 167)
   defining Unicode char U+00A8 (decimal 168)
   defining Unicode char U+00A9 (decimal 169)
   defining Unicode char U+00AA (decimal 170)
   defining Unicode char U+00AC (decimal 172)
   defining Unicode char U+00AE (decimal 174)
   defining Unicode char U+00AF (decimal 175)
   defining Unicode char U+00B0 (decimal 176)
   defining Unicode char U+00B1 (decimal 177)
   defining Unicode char U+00B2 (decimal 178)
   defining Unicode char U+00B3 (decimal 179)
   defining Unicode char U+00B4 (decimal 180)
   defining Unicode char U+00B5 (decimal 181)
   defining Unicode char U+00B6 (decimal 182)
   defining Unicode char U+00B7 (decimal 183)
   defining Unicode char U+00B9 (decimal 185)
   defining Unicode char U+00BA (decimal 186)
   defining Unicode char U+00BC (decimal 188)
   defining Unicode char U+00BD (decimal 189)
   defining Unicode char U+00BE (decimal 190)
   defining Unicode char U+00D7 (decimal 215)
   defining Unicode char U+00F7 (decimal 247)
   defining Unicode char U+0192 (decimal 402)
   defining Unicode char U+02C7 (decimal 711)
   defining Unicode char U+02D8 (decimal 728)
   defining Unicode char U+02DD (decimal 733)
   defining Unicode char U+0E3F (decimal 3647)
   defining Unicode char U+2016 (decimal 8214)
   defining Unicode char U+2020 (decimal 8224)
   defining Unicode char U+2021 (decimal 8225)
   defining Unicode char U+2022 (decimal 8226)
   defining Unicode char U+2030 (decimal 8240)
   defining Unicode char U+2031 (decimal 8241)
   defining Unicode char U+203B (decimal 8251)
   defining Unicode char U+203D (decimal 8253)
   defining Unicode char U+2044 (decimal 8260)
   defining Unicode char U+204E (decimal 8270)
   defining Unicode char U+2052 (decimal 8274)
   defining Unicode char U+20A1 (decimal 8353)
   defining Unicode char U+20A4 (decimal 8356)
   defining Unicode char U+20A6 (decimal 8358)
   defining Unicode char U+20A9 (decimal 8361)
   defining Unicode char U+20AB (decimal 8363)
   defining Unicode char U+20AC (decimal 8364)
   defining Unicode char U+20B1 (decimal 8369)
   defining Unicode char U+2103 (decimal 8451)
   defining Unicode char U+2116 (decimal 8470)
   defining Unicode char U+2117 (decimal 8471)
   defining Unicode char U+211E (decimal 8478)
   defining Unicode char U+2120 (decimal 8480)
   defining Unicode char U+2122 (decimal 8482)
   defining Unicode char U+2126 (decimal 8486)
   defining Unicode char U+2127 (decimal 8487)
   defining Unicode char U+212E (decimal 8494)
   defining Unicode char U+2190 (decimal 8592)
   defining Unicode char U+2191 (decimal 8593)
   defining Unicode char U+2192 (decimal 8594)
   defining Unicode char U+2193 (decimal 8595)
   defining Unicode char U+2329 (decimal 9001)
   defining Unicode char U+232A (decimal 9002)
   defining Unicode char U+2422 (decimal 9250)
   defining Unicode char U+25E6 (decimal 9702)
   defining Unicode char U+25EF (decimal 9711)
   defining Unicode char U+266A (decimal 9834)
   defining Unicode char U+27E8 (decimal 10216)
   defining Unicode char U+27E9 (decimal 10217)
   defining Unicode char U+FEFF (decimal 65279)
)
(/usr/share/texmf-dist/tex/latex/translator/translator-basic-dictionary-English
.dict
Dictionary: translator-basic-dictionary, Language: English 
) (/usr/share/texmf-dist/tex/latex/siunitx/siunitx-abbreviations.cfg
File: siunitx-abbreviations.cfg 2017/11/26 v2.7k siunitx: Abbreviated units
)
\openout3 = `reportNotes.bib'.



Class revtex4-2 Warning: Assuming \noaffiliation for collaboration.

<graphics/app.png, id=1, 422.57875pt x 569.12625pt>
File: graphics/app.png Graphic file (type png)
<use graphics/app.png>
Package pdftex.def Info: graphics/app.png  used on input line 80.
(pdftex.def)             Requested size: 184.5pt x 248.48843pt.
[1{/var/lib/texmf/fonts/map/pdftex/updmap/pdftex.map}]
Underfull \hbox (badness 10000) in paragraph at lines 87--88

 []


Underfull \hbox (badness 10000) in paragraph at lines 98--99

 []

Package epstopdf Info: Source file: <graphics/25_5T.eps>
(epstopdf)                    date: 2020-06-11 22:25:05
(epstopdf)                    size: 11614 bytes
(epstopdf)             Output file: <graphics/25_5T-eps-converted-to.pdf>
(epstopdf)                    date: 2020-06-11 22:25:12
(epstopdf)                    size: 7773 bytes
(epstopdf)             Command: <repstopdf --outfile=graphics/25_5T-eps-convert
ed-to.pdf graphics/25_5T.eps>
(epstopdf)             \includegraphics on input line 103.
Package epstopdf Info: Output file is already uptodate.
<graphics/25_5T-eps-converted-to.pdf, id=27, 569.12625pt x 556.0775pt>
File: graphics/25_5T-eps-converted-to.pdf Graphic file (type pdf)
<use graphics/25_5T-eps-converted-to.pdf>
Package pdftex.def Info: graphics/25_5T-eps-converted-to.pdf  used on input lin
e 103.
(pdftex.def)             Requested size: 233.69925pt x 228.34114pt.
[2 <./graphics/app.png> <./graphics/25_5T-eps-converted-to.pdf>]
Underfull \hbox (badness 10000) in paragraph at lines 117--129

 []


Underfull \hbox (badness 10000) in paragraph at lines 136--148

 []


Underfull \hbox (badness 10000) in paragraph at lines 155--167

 []


Underfull \hbox (badness 10000) in paragraph at lines 174--186

 []

Package epstopdf Info: Source file: <graphics/25_5.eps>
(epstopdf)                    date: 2020-06-11 00:21:58
(epstopdf)                    size: 16178 bytes
(epstopdf)             Output file: <graphics/25_5-eps-converted-to.pdf>
(epstopdf)                    date: 2020-06-11 00:26:27
(epstopdf)                    size: 9924 bytes
(epstopdf)             Command: <repstopdf --outfile=graphics/25_5-eps-converte
d-to.pdf graphics/25_5.eps>
(epstopdf)             \includegraphics on input line 189.
Package epstopdf Info: Output file is already uptodate.
<graphics/25_5-eps-converted-to.pdf, id=36, 569.12625pt x 544.0325pt>
File: graphics/25_5-eps-converted-to.pdf Graphic file (type pdf)
<use graphics/25_5-eps-converted-to.pdf>
Package pdftex.def Info: graphics/25_5-eps-converted-to.pdf  used on input line
 189.
(pdftex.def)             Requested size: 233.69925pt x 223.39511pt.
Package epstopdf Info: Source file: <graphics/25_7.eps>
(epstopdf)                    date: 2020-06-11 00:22:16
(epstopdf)                    size: 16383 bytes
(epstopdf)             Output file: <graphics/25_7-eps-converted-to.pdf>
(epstopdf)                    date: 2020-06-11 00:26:27
(epstopdf)                    size: 9947 bytes
(epstopdf)             Command: <repstopdf --outfile=graphics/25_7-eps-converte
d-to.pdf graphics/25_7.eps>
(epstopdf)             \includegraphics on input line 197.
Package epstopdf Info: Output file is already uptodate.
<graphics/25_7-eps-converted-to.pdf, id=37, 569.12625pt x 544.0325pt>
File: graphics/25_7-eps-converted-to.pdf Graphic file (type pdf)
<use graphics/25_7-eps-converted-to.pdf>
Package pdftex.def Info: graphics/25_7-eps-converted-to.pdf  used on input line
 197.
(pdftex.def)             Requested size: 233.69925pt x 223.39511pt.
Package epstopdf Info: Source file: <graphics/25_9.eps>
(epstopdf)                    date: 2020-06-11 00:22:35
(epstopdf)                    size: 15933 bytes
(epstopdf)             Output file: <graphics/25_9-eps-converted-to.pdf>
(epstopdf)                    date: 2020-06-11 00:26:28
(epstopdf)                    size: 9959 bytes
(epstopdf)             Command: <repstopdf --outfile=graphics/25_9-eps-converte
d-to.pdf graphics/25_9.eps>
(epstopdf)             \includegraphics on input line 205.
Package epstopdf Info: Output file is already uptodate.
<graphics/25_9-eps-converted-to.pdf, id=38, 569.12625pt x 544.0325pt>
File: graphics/25_9-eps-converted-to.pdf Graphic file (type pdf)
<use graphics/25_9-eps-converted-to.pdf>
Package pdftex.def Info: graphics/25_9-eps-converted-to.pdf  used on input line
 205.
(pdftex.def)             Requested size: 233.69925pt x 223.39511pt.
[3 <./graphics/25_5-eps-converted-to.pdf> <./graphics/25_7-eps-converted-to.pdf
>]
Package epstopdf Info: Source file: <graphics/25_11.eps>
(epstopdf)                    date: 2020-06-11 00:22:54
(epstopdf)                    size: 16344 bytes
(epstopdf)             Output file: <graphics/25_11-eps-converted-to.pdf>
(epstopdf)                    date: 2020-06-11 00:26:28
(epstopdf)                    size: 10020 bytes
(epstopdf)             Command: <repstopdf --outfile=graphics/25_11-eps-convert
ed-to.pdf graphics/25_11.eps>
(epstopdf)             \includegraphics on input line 213.
Package epstopdf Info: Output file is already uptodate.
<graphics/25_11-eps-converted-to.pdf, id=59, 569.12625pt x 544.0325pt>
File: graphics/25_11-eps-converted-to.pdf Graphic file (type pdf)
<use graphics/25_11-eps-converted-to.pdf>
Package pdftex.def Info: graphics/25_11-eps-converted-to.pdf  used on input lin
e 213.
(pdftex.def)             Requested size: 233.69925pt x 223.39511pt.

Underfull \hbox (badness 10000) in paragraph at lines 225--237

 []


Underfull \hbox (badness 10000) in paragraph at lines 244--256

 []


Underfull \hbox (badness 10000) in paragraph at lines 263--275

 []


Underfull \hbox (badness 10000) in paragraph at lines 282--294

 []

Package epstopdf Info: Source file: <graphics/30_5.eps>
(epstopdf)                    date: 2020-06-11 00:23:21
(epstopdf)                    size: 16396 bytes
(epstopdf)             Output file: <graphics/30_5-eps-converted-to.pdf>
(epstopdf)                    date: 2020-06-11 00:26:29
(epstopdf)                    size: 9938 bytes
(epstopdf)             Command: <repstopdf --outfile=graphics/30_5-eps-converte
d-to.pdf graphics/30_5.eps>
(epstopdf)             \includegraphics on input line 297.
Package epstopdf Info: Output file is already uptodate.
<graphics/30_5-eps-converted-to.pdf, id=60, 569.12625pt x 544.0325pt>
File: graphics/30_5-eps-converted-to.pdf Graphic file (type pdf)
<use graphics/30_5-eps-converted-to.pdf>
Package pdftex.def Info: graphics/30_5-eps-converted-to.pdf  used on input line
 297.
(pdftex.def)             Requested size: 233.69925pt x 223.39511pt.
[4 <./graphics/25_9-eps-converted-to.pdf> <./graphics/25_11-eps-converted-to.pd
f>]
Package epstopdf Info: Source file: <graphics/30_7.eps>
(epstopdf)                    date: 2020-06-11 00:23:43
(epstopdf)                    size: 16159 bytes
(epstopdf)             Output file: <graphics/30_7-eps-converted-to.pdf>
(epstopdf)                    date: 2020-06-11 00:26:29
(epstopdf)                    size: 9981 bytes
(epstopdf)             Command: <repstopdf --outfile=graphics/30_7-eps-converte
d-to.pdf graphics/30_7.eps>
(epstopdf)             \includegraphics on input line 305.
Package epstopdf Info: Output file is already uptodate.
<graphics/30_7-eps-converted-to.pdf, id=80, 569.12625pt x 544.0325pt>
File: graphics/30_7-eps-converted-to.pdf Graphic file (type pdf)
<use graphics/30_7-eps-converted-to.pdf>
Package pdftex.def Info: graphics/30_7-eps-converted-to.pdf  used on input line
 305.
(pdftex.def)             Requested size: 233.69925pt x 223.39511pt.
Package epstopdf Info: Source file: <graphics/30_9.eps>
(epstopdf)                    date: 2020-06-11 00:24:02
(epstopdf)                    size: 15531 bytes
(epstopdf)             Output file: <graphics/30_9-eps-converted-to.pdf>
(epstopdf)                    date: 2020-06-11 00:26:30
(epstopdf)                    size: 9810 bytes
(epstopdf)             Command: <repstopdf --outfile=graphics/30_9-eps-converte
d-to.pdf graphics/30_9.eps>
(epstopdf)             \includegraphics on input line 313.
Package epstopdf Info: Output file is already uptodate.
<graphics/30_9-eps-converted-to.pdf, id=81, 569.12625pt x 544.0325pt>
File: graphics/30_9-eps-converted-to.pdf Graphic file (type pdf)
<use graphics/30_9-eps-converted-to.pdf>
Package pdftex.def Info: graphics/30_9-eps-converted-to.pdf  used on input line
 313.
(pdftex.def)             Requested size: 233.69925pt x 223.39511pt.
Package epstopdf Info: Source file: <graphics/30_11.eps>
(epstopdf)                    date: 2020-06-11 00:24:17
(epstopdf)                    size: 15817 bytes
(epstopdf)             Output file: <graphics/30_11-eps-converted-to.pdf>
(epstopdf)                    date: 2020-06-11 00:26:30
(epstopdf)                    size: 9954 bytes
(epstopdf)             Command: <repstopdf --outfile=graphics/30_11-eps-convert
ed-to.pdf graphics/30_11.eps>
(epstopdf)             \includegraphics on input line 322.
Package epstopdf Info: Output file is already uptodate.
<graphics/30_11-eps-converted-to.pdf, id=82, 569.12625pt x 544.0325pt>
File: graphics/30_11-eps-converted-to.pdf Graphic file (type pdf)
<use graphics/30_11-eps-converted-to.pdf>
Package pdftex.def Info: graphics/30_11-eps-converted-to.pdf  used on input lin
e 322.
(pdftex.def)             Requested size: 233.69925pt x 223.39511pt.

Underfull \hbox (badness 10000) in paragraph at lines 333--345

 []

[5 <./graphics/30_5-eps-converted-to.pdf> <./graphics/30_7-eps-converted-to.pdf
> <./graphics/30_9-eps-converted-to.pdf> <./graphics/30_11-eps-converted-to.pdf
>]
Underfull \hbox (badness 10000) in paragraph at lines 352--364

 []


Underfull \hbox (badness 10000) in paragraph at lines 371--383

 []


Underfull \hbox (badness 10000) in paragraph at lines 390--402

 []

Package epstopdf Info: Source file: <graphics/35_5.eps>
(epstopdf)                    date: 2020-06-11 00:25:30
(epstopdf)                    size: 16566 bytes
(epstopdf)             Output file: <graphics/35_5-eps-converted-to.pdf>
(epstopdf)                    date: 2020-06-11 00:26:31
(epstopdf)                    size: 9822 bytes
(epstopdf)             Command: <repstopdf --outfile=graphics/35_5-eps-converte
d-to.pdf graphics/35_5.eps>
(epstopdf)             \includegraphics on input line 406.
Package epstopdf Info: Output file is already uptodate.
<graphics/35_5-eps-converted-to.pdf, id=118, 569.12625pt x 544.0325pt>
File: graphics/35_5-eps-converted-to.pdf Graphic file (type pdf)
<use graphics/35_5-eps-converted-to.pdf>
Package pdftex.def Info: graphics/35_5-eps-converted-to.pdf  used on input line
 406.
(pdftex.def)             Requested size: 233.69925pt x 223.39511pt.
Package epstopdf Info: Source file: <graphics/35_7.eps>
(epstopdf)                    date: 2020-06-11 00:25:46
(epstopdf)                    size: 17387 bytes
(epstopdf)             Output file: <graphics/35_7-eps-converted-to.pdf>
(epstopdf)                    date: 2020-06-11 00:26:31
(epstopdf)                    size: 10095 bytes
(epstopdf)             Command: <repstopdf --outfile=graphics/35_7-eps-converte
d-to.pdf graphics/35_7.eps>
(epstopdf)             \includegraphics on input line 414.
Package epstopdf Info: Output file is already uptodate.
<graphics/35_7-eps-converted-to.pdf, id=119, 569.12625pt x 544.0325pt>
File: graphics/35_7-eps-converted-to.pdf Graphic file (type pdf)
<use graphics/35_7-eps-converted-to.pdf>
Package pdftex.def Info: graphics/35_7-eps-converted-to.pdf  used on input line
 414.
(pdftex.def)             Requested size: 233.69925pt x 223.39511pt.
Package epstopdf Info: Source file: <graphics/35_9.eps>
(epstopdf)                    date: 2020-06-11 00:26:02
(epstopdf)                    size: 17178 bytes
(epstopdf)             Output file: <graphics/35_9-eps-converted-to.pdf>
(epstopdf)                    date: 2020-06-11 00:26:32
(epstopdf)                    size: 10112 bytes
(epstopdf)             Command: <repstopdf --outfile=graphics/35_9-eps-converte
d-to.pdf graphics/35_9.eps>
(epstopdf)             \includegraphics on input line 422.
Package epstopdf Info: Output file is already uptodate.
<graphics/35_9-eps-converted-to.pdf, id=120, 569.12625pt x 544.0325pt>
File: graphics/35_9-eps-converted-to.pdf Graphic file (type pdf)
<use graphics/35_9-eps-converted-to.pdf>
Package pdftex.def Info: graphics/35_9-eps-converted-to.pdf  used on input line
 422.
(pdftex.def)             Requested size: 233.69925pt x 223.39511pt.
[6 <./graphics/35_5-eps-converted-to.pdf> <./graphics/35_7-eps-converted-to.pdf
>]
Package epstopdf Info: Source file: <graphics/35_11.eps>
(epstopdf)                    date: 2020-06-11 00:26:16
(epstopdf)                    size: 16605 bytes
(epstopdf)             Output file: <graphics/35_11-eps-converted-to.pdf>
(epstopdf)                    date: 2020-06-11 00:26:32
(epstopdf)                    size: 9814 bytes
(epstopdf)             Command: <repstopdf --outfile=graphics/35_11-eps-convert
ed-to.pdf graphics/35_11.eps>
(epstopdf)             \includegraphics on input line 430.
Package epstopdf Info: Output file is already uptodate.
<graphics/35_11-eps-converted-to.pdf, id=140, 569.12625pt x 544.0325pt>
File: graphics/35_11-eps-converted-to.pdf Graphic file (type pdf)
<use graphics/35_11-eps-converted-to.pdf>
Package pdftex.def Info: graphics/35_11-eps-converted-to.pdf  used on input lin
e 430.
(pdftex.def)             Requested size: 233.69925pt x 223.39511pt.

Underfull \hbox (badness 10000) in paragraph at lines 440--463

 []


Underfull \hbox (badness 10000) in paragraph at lines 465--466

 []


Underfull \hbox (badness 1062) in paragraph at lines 481--482
[]\OT1/cmr/m/n/10 The ac-cepted half-time for $[]\OML/cmm/m/it/10 Rn$ \OT1/cmr/
m/n/10 is given $55\OML/cmm/m/it/10 :\OT1/cmr/m/n/10 6\OML/cmm/m/it/10 s$\OT1/c
mr/m/n/10 .
 []


Underfull \hbox (badness 10000) in paragraph at lines 481--482

 []

LaTeX Font Info:    Trying to load font information for OMS+cmr on input line 4
86.
(/usr/share/texmf-dist/tex/latex/base/omscmr.fd
File: omscmr.fd 2014/09/29 v2.5h Standard LaTeX font definitions
)
LaTeX Font Info:    Font shape `OMS/cmr/m/n' in size <10> not available
(Font)              Font shape `OMS/cmsy/m/n' tried instead on input line 486.
 [7 <./graphics/35_9-eps-converted-to.pdf> <./graphics/35_11-eps-converted-to.p
df>]
Underfull \hbox (badness 10000) in paragraph at lines 500--514

 []


Underfull \hbox (badness 10000) in paragraph at lines 524--538

 []


Underfull \hbox (badness 10000) in paragraph at lines 547--561

 []

(./report.bbl [8]
Underfull \hbox (badness 10000) in paragraph at lines 64--66
 []$\OT1/cmtt/m/n/9 https : / / www . iop . org / resources / topic / archive /

 []


Underfull \hbox (badness 10000) in paragraph at lines 112--114
 []$\OT1/cmtt/m/n/9 https : / / www . gammaspectacular . com / blue /
 []

) [9] (./report.aux)

LaTeX Warning: There were multiply-defined labels.

 ) 
Here is how much of TeX's memory you used:
 16885 strings out of 492167
 325261 string characters out of 6131558
 382824 words of memory out of 5000000
 21133 multiletter control sequences out of 15000+600000
 540278 words of font info for 54 fonts, out of 8000000 for 9000
 1141 hyphenation exceptions out of 8191
 46i,14n,67p,639b,1022s stack positions out of 5000i,500n,10000p,200000b,80000s
</usr/share/texmf-dist/fonts/type1/public/amsfonts/cm/cmbx12.pfb></usr/share/
texmf-dist/fonts/type1/public/amsfonts/cm/cmbx9.pfb></usr/share/texmf-dist/font
s/type1/public/amsfonts/cm/cmex10.pfb></usr/share/texmf-dist/fonts/type1/public
/amsfonts/cmextra/cmex9.pfb></usr/share/texmf-dist/fonts/type1/public/amsfonts/
cm/cmmi10.pfb></usr/share/texmf-dist/fonts/type1/public/amsfonts/cm/cmmi5.pfb><
/usr/share/texmf-dist/fonts/type1/public/amsfonts/cm/cmmi6.pfb></usr/share/texm
f-dist/fonts/type1/public/amsfonts/cm/cmmi7.pfb></usr/share/texmf-dist/fonts/ty
pe1/public/amsfonts/cm/cmmi9.pfb></usr/share/texmf-dist/fonts/type1/public/amsf
onts/cm/cmr10.pfb></usr/share/texmf-dist/fonts/type1/public/amsfonts/cm/cmr5.pf
b></usr/share/texmf-dist/fonts/type1/public/amsfonts/cm/cmr6.pfb></usr/share/te
xmf-dist/fonts/type1/public/amsfonts/cm/cmr7.pfb></usr/share/texmf-dist/fonts/t
ype1/public/amsfonts/cm/cmr8.pfb></usr/share/texmf-dist/fonts/type1/public/amsf
onts/cm/cmr9.pfb></usr/share/texmf-dist/fonts/type1/public/amsfonts/cm/cmsy10.p
fb></usr/share/texmf-dist/fonts/type1/public/amsfonts/cm/cmsy6.pfb></usr/share/
texmf-dist/fonts/type1/public/amsfonts/cm/cmsy7.pfb></usr/share/texmf-dist/font
s/type1/public/amsfonts/cm/cmsy9.pfb></usr/share/texmf-dist/fonts/type1/public/
amsfonts/cm/cmti9.pfb></usr/share/texmf-dist/fonts/type1/public/amsfonts/cm/cmt
t9.pfb>
Output written on report.pdf (9 pages, 387821 bytes).
PDF statistics:
 235 PDF objects out of 1000 (max. 8388607)
 161 compressed objects within 2 object streams
 0 named destinations out of 1000 (max. 500000)
 71 words of extra memory for PDF output out of 10000 (max. 10000000)

